0 info it worked if it ends with ok
1 verbose cli [ '/usr/local/bin/node',
1 verbose cli   '/usr/local/bin/npm',
1 verbose cli   'install',
1 verbose cli   '-g',
1 verbose cli   'babel@5.9' ]
2 info using npm@2.15.9
3 info using node@v4.6.0
4 verbose install initial load of /usr/local/lib/package.json
5 verbose readDependencies loading dependencies from /usr/local/lib/package.json
6 silly cache add args [ 'babel@5.9', null ]
7 verbose cache add spec babel@5.9
8 silly cache add parsed spec Result {
8 silly cache add   raw: 'babel@5.9',
8 silly cache add   scope: null,
8 silly cache add   name: 'babel',
8 silly cache add   rawSpec: '5.9',
8 silly cache add   spec: '>=5.9.0 <5.10.0',
8 silly cache add   type: 'range' }
9 silly addNamed babel@>=5.9.0 <5.10.0
10 verbose addNamed ">=5.9.0 <5.10.0" is a valid semver range for babel
11 silly addNameRange { name: 'babel', range: '>=5.9.0 <5.10.0', hasData: false }
12 silly mapToRegistry name babel
13 silly mapToRegistry using default registry
14 silly mapToRegistry registry https://registry.npmjs.org/
15 silly mapToRegistry data Result {
15 silly mapToRegistry   raw: 'babel',
15 silly mapToRegistry   scope: null,
15 silly mapToRegistry   name: 'babel',
15 silly mapToRegistry   rawSpec: '',
15 silly mapToRegistry   spec: 'latest',
15 silly mapToRegistry   type: 'tag' }
16 silly mapToRegistry uri https://registry.npmjs.org/babel
17 verbose addNameRange registry:https://registry.npmjs.org/babel not in flight; fetching
18 verbose request uri https://registry.npmjs.org/babel
19 verbose request no auth needed
20 info attempt registry request try #1 at 09:49:20
21 verbose request using bearer token for auth
22 verbose request id 66a50676631ef6d7
23 verbose etag "75B7VFQLU820LE7ZOMAHYMMHR"
24 http request GET https://registry.npmjs.org/babel
25 http 304 https://registry.npmjs.org/babel
26 verbose headers { 'cache-control': 'max-age=300',
26 verbose headers   'accept-ranges': 'bytes',
26 verbose headers   date: 'Sat, 15 Oct 2016 01:49:21 GMT',
26 verbose headers   via: '1.1 varnish',
26 verbose headers   connection: 'keep-alive',
26 verbose headers   'x-served-by': 'cache-itm7422-ITM',
26 verbose headers   'x-cache': 'MISS',
26 verbose headers   'x-cache-hits': '0',
26 verbose headers   'x-timer': 'S1476496161.013649,VS0,VE593',
26 verbose headers   vary: 'Accept-Encoding' }
27 silly get cb [ 304,
27 silly get   { 'cache-control': 'max-age=300',
27 silly get     'accept-ranges': 'bytes',
27 silly get     date: 'Sat, 15 Oct 2016 01:49:21 GMT',
27 silly get     via: '1.1 varnish',
27 silly get     connection: 'keep-alive',
27 silly get     'x-served-by': 'cache-itm7422-ITM',
27 silly get     'x-cache': 'MISS',
27 silly get     'x-cache-hits': '0',
27 silly get     'x-timer': 'S1476496161.013649,VS0,VE593',
27 silly get     vary: 'Accept-Encoding' } ]
28 verbose etag https://registry.npmjs.org/babel from cache
29 verbose get saving babel to /Users/timqian/.npm/registry.npmjs.org/babel/.cache.json
30 verbose correctMkdir /Users/timqian/.npm correctMkdir not in flight; initializing
31 silly addNameRange number 2 { name: 'babel', range: '>=5.9.0 <5.10.0', hasData: true }
32 silly addNameRange versions [ 'babel',
32 silly addNameRange   [ '0.0.1',
32 silly addNameRange     '4.0.1',
32 silly addNameRange     '4.0.2',
32 silly addNameRange     '4.1.1',
32 silly addNameRange     '4.2.0',
32 silly addNameRange     '4.2.1',
32 silly addNameRange     '4.3.0',
32 silly addNameRange     '4.4.1',
32 silly addNameRange     '4.4.2',
32 silly addNameRange     '4.4.3',
32 silly addNameRange     '4.4.4',
32 silly addNameRange     '4.4.5',
32 silly addNameRange     '4.4.6',
32 silly addNameRange     '4.5.0',
32 silly addNameRange     '4.5.1',
32 silly addNameRange     '4.5.2',
32 silly addNameRange     '4.5.3',
32 silly addNameRange     '4.5.4',
32 silly addNameRange     '4.5.5',
32 silly addNameRange     '4.6.0',
32 silly addNameRange     '4.6.1',
32 silly addNameRange     '4.6.3',
32 silly addNameRange     '4.6.4',
32 silly addNameRange     '4.6.5',
32 silly addNameRange     '4.6.6',
32 silly addNameRange     '4.7.0',
32 silly addNameRange     '4.7.1',
32 silly addNameRange     '4.7.2',
32 silly addNameRange     '4.7.3',
32 silly addNameRange     '4.7.4',
32 silly addNameRange     '4.7.5',
32 silly addNameRange     '4.7.6',
32 silly addNameRange     '4.7.7',
32 silly addNameRange     '4.7.8',
32 silly addNameRange     '4.7.9',
32 silly addNameRange     '4.7.10',
32 silly addNameRange     '4.7.11',
32 silly addNameRange     '4.7.12',
32 silly addNameRange     '4.7.13',
32 silly addNameRange     '4.7.14',
32 silly addNameRange     '4.7.15',
32 silly addNameRange     '4.7.16',
32 silly addNameRange     '5.0.0-beta2',
32 silly addNameRange     '5.0.0-beta3',
32 silly addNameRange     '5.0.0-beta4',
32 silly addNameRange     '5.0.0',
32 silly addNameRange     '5.0.1',
32 silly addNameRange     '5.0.2',
32 silly addNameRange     '5.0.3',
32 silly addNameRange     '5.0.4',
32 silly addNameRange     '5.0.5',
32 silly addNameRange     '5.0.6',
32 silly addNameRange     '5.0.7',
32 silly addNameRange     '5.0.8',
32 silly addNameRange     '5.0.9',
32 silly addNameRange     '5.0.10',
32 silly addNameRange     '5.0.11',
32 silly addNameRange     '5.0.12',
32 silly addNameRange     '5.0.13',
32 silly addNameRange     '5.1.0',
32 silly addNameRange     '5.1.1',
32 silly addNameRange     '5.1.2',
32 silly addNameRange     '5.1.3',
32 silly addNameRange     '5.1.4',
32 silly addNameRange     '5.1.5',
32 silly addNameRange     '5.1.6',
32 silly addNameRange     '5.1.7',
32 silly addNameRange     '5.1.8',
32 silly addNameRange     '5.1.9',
32 silly addNameRange     '5.1.10',
32 silly addNameRange     '5.1.11',
32 silly addNameRange     '5.1.12',
32 silly addNameRange     '5.1.13',
32 silly addNameRange     '5.2.0',
32 silly addNameRange     '5.2.1',
32 silly addNameRange     '5.2.2',
32 silly addNameRange     '5.2.3',
32 silly addNameRange     '5.2.4',
32 silly addNameRange     '5.2.5',
32 silly addNameRange     '5.2.6',
32 silly addNameRange     '5.2.7',
32 silly addNameRange     '5.2.9',
32 silly addNameRange     '5.2.10',
32 silly addNameRange     '5.2.11',
32 silly addNameRange     '5.2.12',
32 silly addNameRange     '5.2.13',
32 silly addNameRange     '5.2.14',
32 silly addNameRange     '5.2.15',
32 silly addNameRange     '5.2.16',
32 silly addNameRange     '5.2.17',
32 silly addNameRange     '5.3.0',
32 silly addNameRange     '5.3.1',
32 silly addNameRange     '5.3.2',
32 silly addNameRange     '5.3.3',
32 silly addNameRange     '5.4.0',
32 silly addNameRange     '5.4.1',
32 silly addNameRange     '5.4.2',
32 silly addNameRange     '5.4.3',
32 silly addNameRange     '5.4.4',
32 silly addNameRange     '5.4.5',
32 silly addNameRange     '5.4.6',
32 silly addNameRange     '5.4.7',
32 silly addNameRange     '5.5.0',
32 silly addNameRange     '5.5.1',
32 silly addNameRange     '5.5.2',
32 silly addNameRange     '5.5.3',
32 silly addNameRange     '5.5.4',
32 silly addNameRange     '5.5.5',
32 silly addNameRange     '5.5.6',
32 silly addNameRange     '5.5.7',
32 silly addNameRange     '5.5.8',
32 silly addNameRange     '5.6.1',
32 silly addNameRange     '5.6.2',
32 silly addNameRange     '5.6.3',
32 silly addNameRange     '5.6.4',
32 silly addNameRange     '5.6.5',
32 silly addNameRange     '5.6.6',
32 silly addNameRange     '5.6.7',
32 silly addNameRange     '5.6.10',
32 silly addNameRange     '5.6.11',
32 silly addNameRange     '5.6.12',
32 silly addNameRange     '5.6.14',
32 silly addNameRange     '5.6.23',
32 silly addNameRange     '5.8.2',
32 silly addNameRange     '5.8.3',
32 silly addNameRange     '5.8.5',
32 silly addNameRange     '5.8.6',
32 silly addNameRange     '5.8.8',
32 silly addNameRange     '5.8.9',
32 silly addNameRange     '5.8.12',
32 silly addNameRange     '5.8.19',
32 silly addNameRange     '5.8.20',
32 silly addNameRange     '5.8.21',
32 silly addNameRange     '5.8.23',
32 silly addNameRange     '5.8.29',
32 silly addNameRange     '6.0.0',
32 silly addNameRange     '6.0.2',
32 silly addNameRange     '6.0.12',
32 silly addNameRange     '6.0.14',
32 silly addNameRange     '6.0.15',
32 silly addNameRange     '5.8.34',
32 silly addNameRange     '6.1.5',
32 silly addNameRange     '6.1.6',
32 silly addNameRange     '6.1.7',
32 silly addNameRange     '6.1.8',
32 silly addNameRange     '6.1.9',
32 silly addNameRange     '6.1.10',
32 silly addNameRange     '6.1.11',
32 silly addNameRange     '6.1.12',
32 silly addNameRange     '6.1.13',
32 silly addNameRange     '6.1.14',
32 silly addNameRange     '6.1.15',
32 silly addNameRange     '6.1.16',
32 silly addNameRange     '6.1.17',
32 silly addNameRange     '6.1.18',
32 silly addNameRange     '6.2.4',
32 silly addNameRange     '6.3.13',
32 silly addNameRange     '6.3.26',
32 silly addNameRange     '5.8.35',
32 silly addNameRange     '6.5.0',
32 silly addNameRange     '6.5.0-1',
32 silly addNameRange     '6.5.1',
32 silly addNameRange     '6.5.2',
32 silly addNameRange     '5.8.38' ] ]
33 verbose stack Error: No compatible version found: babel@'>=5.9.0 <5.10.0'
33 verbose stack Valid install targets:
33 verbose stack ["0.0.1","4.0.1","4.0.2","4.1.1","4.2.0","4.2.1","4.3.0","4.4.1","4.4.2","4.4.3","4.4.4","4.4.5","4.4.6","4.5.0","4.5.1","4.5.2","4.5.3","4.5.4","4.5.5","4.6.0","4.6.1","4.6.3","4.6.4","4.6.5","4.6.6","4.7.0","4.7.1","4.7.2","4.7.3","4.7.4","4.7.5","4.7.6","4.7.7","4.7.8","4.7.9","4.7.10","4.7.11","4.7.12","4.7.13","4.7.14","4.7.15","4.7.16","5.0.0-beta2","5.0.0-beta3","5.0.0-beta4","5.0.0","5.0.1","5.0.2","5.0.3","5.0.4","5.0.5","5.0.6","5.0.7","5.0.8","5.0.9","5.0.10","5.0.11","5.0.12","5.0.13","5.1.0","5.1.1","5.1.2","5.1.3","5.1.4","5.1.5","5.1.6","5.1.7","5.1.8","5.1.9","5.1.10","5.1.11","5.1.12","5.1.13","5.2.0","5.2.1","5.2.2","5.2.3","5.2.4","5.2.5","5.2.6","5.2.7","5.2.9","5.2.10","5.2.11","5.2.12","5.2.13","5.2.14","5.2.15","5.2.16","5.2.17","5.3.0","5.3.1","5.3.2","5.3.3","5.4.0","5.4.1","5.4.2","5.4.3","5.4.4","5.4.5","5.4.6","5.4.7","5.5.0","5.5.1","5.5.2","5.5.3","5.5.4","5.5.5","5.5.6","5.5.7","5.5.8","5.6.1","5.6.2","5.6.3","5.6.4","5.6.5","5.6.6","5.6.7","5.6.10","5.6.11","5.6.12","5.6.14","5.6.23","5.8.2","5.8.3","5.8.5","5.8.6","5.8.8","5.8.9","5.8.12","5.8.19","5.8.20","5.8.21","5.8.23","5.8.29","6.0.0","6.0.2","6.0.12","6.0.14","6.0.15","5.8.34","6.1.5","6.1.6","6.1.7","6.1.8","6.1.9","6.1.10","6.1.11","6.1.12","6.1.13","6.1.14","6.1.15","6.1.16","6.1.17","6.1.18","6.2.4","6.3.13","6.3.26","5.8.35","6.5.0","6.5.0-1","6.5.1","6.5.2","5.8.38"]
33 verbose stack
33 verbose stack     at installTargetsError (/usr/local/lib/node_modules/npm/lib/cache/add-named.js:284:12)
33 verbose stack     at next (/usr/local/lib/node_modules/npm/lib/cache/add-named.js:262:19)
33 verbose stack     at setData (/usr/local/lib/node_modules/npm/lib/cache/add-named.js:236:5)
33 verbose stack     at RES (/usr/local/lib/node_modules/npm/node_modules/inflight/inflight.js:23:14)
33 verbose stack     at f (/usr/local/lib/node_modules/npm/node_modules/once/once.js:17:25)
33 verbose stack     at fixName (/usr/local/lib/node_modules/npm/lib/cache/add-named.js:29:5)
33 verbose stack     at saved (/usr/local/lib/node_modules/npm/lib/cache/caching-client.js:173:7)
33 verbose stack     at /usr/local/lib/node_modules/npm/node_modules/graceful-fs/polyfills.js:210:7
33 verbose stack     at FSReqWrap.oncomplete (fs.js:82:15)
34 verbose cwd /Users/timqian/Documents/javascript/auth-api
35 error Darwin 15.6.0
36 error argv "/usr/local/bin/node" "/usr/local/bin/npm" "install" "-g" "babel@5.9"
37 error node v4.6.0
38 error npm  v2.15.9
39 error code ETARGET
40 error notarget No compatible version found: babel@'>=5.9.0 <5.10.0'
40 error notarget Valid install targets:
40 error notarget ["0.0.1","4.0.1","4.0.2","4.1.1","4.2.0","4.2.1","4.3.0","4.4.1","4.4.2","4.4.3","4.4.4","4.4.5","4.4.6","4.5.0","4.5.1","4.5.2","4.5.3","4.5.4","4.5.5","4.6.0","4.6.1","4.6.3","4.6.4","4.6.5","4.6.6","4.7.0","4.7.1","4.7.2","4.7.3","4.7.4","4.7.5","4.7.6","4.7.7","4.7.8","4.7.9","4.7.10","4.7.11","4.7.12","4.7.13","4.7.14","4.7.15","4.7.16","5.0.0-beta2","5.0.0-beta3","5.0.0-beta4","5.0.0","5.0.1","5.0.2","5.0.3","5.0.4","5.0.5","5.0.6","5.0.7","5.0.8","5.0.9","5.0.10","5.0.11","5.0.12","5.0.13","5.1.0","5.1.1","5.1.2","5.1.3","5.1.4","5.1.5","5.1.6","5.1.7","5.1.8","5.1.9","5.1.10","5.1.11","5.1.12","5.1.13","5.2.0","5.2.1","5.2.2","5.2.3","5.2.4","5.2.5","5.2.6","5.2.7","5.2.9","5.2.10","5.2.11","5.2.12","5.2.13","5.2.14","5.2.15","5.2.16","5.2.17","5.3.0","5.3.1","5.3.2","5.3.3","5.4.0","5.4.1","5.4.2","5.4.3","5.4.4","5.4.5","5.4.6","5.4.7","5.5.0","5.5.1","5.5.2","5.5.3","5.5.4","5.5.5","5.5.6","5.5.7","5.5.8","5.6.1","5.6.2","5.6.3","5.6.4","5.6.5","5.6.6","5.6.7","5.6.10","5.6.11","5.6.12","5.6.14","5.6.23","5.8.2","5.8.3","5.8.5","5.8.6","5.8.8","5.8.9","5.8.12","5.8.19","5.8.20","5.8.21","5.8.23","5.8.29","6.0.0","6.0.2","6.0.12","6.0.14","6.0.15","5.8.34","6.1.5","6.1.6","6.1.7","6.1.8","6.1.9","6.1.10","6.1.11","6.1.12","6.1.13","6.1.14","6.1.15","6.1.16","6.1.17","6.1.18","6.2.4","6.3.13","6.3.26","5.8.35","6.5.0","6.5.0-1","6.5.1","6.5.2","5.8.38"]
40 error notarget
40 error notarget This is most likely not a problem with npm itself.
40 error notarget In most cases you or one of your dependencies are requesting
40 error notarget a package version that doesn't exist.
41 verbose exit [ 1, true ]
